# JRE version: OpenJDK Runtime Environment Temurin-17.0.3+7 (17.0.3+7) (build 17.0.3+7)
# Java VM: OpenJDK 64-Bit Server VM Temurin-17.0.3+7 (17.0.3+7, mixed mode, sharing, tiered, compressed oops, compressed class ptrs, g1 gc, windows-amd64)
GC Precious Log:
 CPUs: 12 total, 12 available
 Memory: 32105M
 Large Page Support: Disabled
 NUMA Support: Disabled
 Compressed Oops: Enabled (Zero based)
 Heap Region Size: 2M
 Heap Min Capacity: 512M
 Heap Initial Capacity: 512M
 Heap Max Capacity: 4072M
 Pre-touch: Disabled
 Parallel Workers: 10
 Concurrent Workers: 3
 Concurrent Refinement Workers: 10
 Periodic GC: Disabled
 String Deduplication is enabled
Heap:
 garbage-first heap   total 524288K, used 166599K [0x0000000701800000, 0x0000000800000000)
  region size 2048K, 39 young (79872K), 1 survivors (2048K)
 Metaspace       used 85770K, committed 86464K, reserved 1130496K
  class space    used 11680K, committed 12032K, reserved 1048576K
GC Heap History (20 events):
Event: 1214.953 GC heap before
{Heap before GC invocations=116 (full 79):
 garbage-first heap   total 524288K, used 166761K [0x0000000701800000, 0x0000000800000000)
  region size 2048K, 40 young (81920K), 0 survivors (0K)
 Metaspace       used 85107K, committed 85760K, reserved 1130496K
  class space    used 11660K, committed 11968K, reserved 1048576K
}
Event: 1214.955 GC heap after
{Heap after GC invocations=117 (full 79):
 garbage-first heap   total 524288K, used 85146K [0x0000000701800000, 0x0000000800000000)
  region size 2048K, 1 young (2048K), 1 survivors (2048K)
 Metaspace       used 85107K, committed 85760K, reserved 1130496K
  class space    used 11660K, committed 11968K, reserved 1048576K
}
Event: 1239.645 GC heap before
{Heap before GC invocations=117 (full 79):
 garbage-first heap   total 524288K, used 165018K [0x0000000701800000, 0x0000000800000000)
  region size 2048K, 40 young (81920K), 1 survivors (2048K)
 Metaspace       used 85157K, committed 85824K, reserved 1130496K
  class space    used 11660K, committed 11968K, reserved 1048576K
}
Event: 1239.647 GC heap after
{Heap after GC invocations=118 (full 79):
 garbage-first heap   total 524288K, used 85224K [0x0000000701800000, 0x0000000800000000)
  region size 2048K, 1 young (2048K), 1 survivors (2048K)
 Metaspace       used 85157K, committed 85824K, reserved 1130496K
  class space    used 11660K, committed 11968K, reserved 1048576K
}
Event: 1240.791 GC heap before
{Heap before GC invocations=118 (full 79):
 garbage-first heap   total 524288K, used 165096K [0x0000000701800000, 0x0000000800000000)
  region size 2048K, 40 young (81920K), 1 survivors (2048K)
 Metaspace       used 85161K, committed 85824K, reserved 1130496K
  class space    used 11660K, committed 11968K, reserved 1048576K
}
Event: 1240.792 GC heap after
{Heap after GC invocations=119 (full 79):
 garbage-first heap   total 524288K, used 85248K [0x0000000701800000, 0x0000000800000000)
  region size 2048K, 1 young (2048K), 1 survivors (2048K)
 Metaspace       used 85161K, committed 85824K, reserved 1130496K
  class space    used 11660K, committed 11968K, reserved 1048576K
}
Event: 1245.023 GC heap before
{Heap before GC invocations=119 (full 79):
 garbage-first heap   total 524288K, used 165120K [0x0000000701800000, 0x0000000800000000)
  region size 2048K, 40 young (81920K), 1 survivors (2048K)
 Metaspace       used 85457K, committed 86080K, reserved 1130496K
  class space    used 11678K, committed 11968K, reserved 1048576K
}
Event: 1245.027 GC heap after
{Heap after GC invocations=120 (full 79):
 garbage-first heap   total 524288K, used 88197K [0x0000000701800000, 0x0000000800000000)
  region size 2048K, 2 young (4096K), 2 survivors (4096K)
 Metaspace       used 85457K, committed 86080K, reserved 1130496K
  class space    used 11678K, committed 11968K, reserved 1048576K
}
Event: 1250.145 GC heap before
{Heap before GC invocations=120 (full 79):
 garbage-first heap   total 524288K, used 166021K [0x0000000701800000, 0x0000000800000000)
  region size 2048K, 40 young (81920K), 2 survivors (4096K)
 Metaspace       used 85589K, committed 86272K, reserved 1130496K
  class space    used 11679K, committed 11968K, reserved 1048576K
}
Event: 1250.149 GC heap after
{Heap after GC invocations=121 (full 79):
 garbage-first heap   total 524288K, used 90442K [0x0000000701800000, 0x0000000800000000)
  region size 2048K, 3 young (6144K), 3 survivors (6144K)
 Metaspace       used 85589K, committed 86272K, reserved 1130496K
  class space    used 11679K, committed 11968K, reserved 1048576K
}
Event: 1250.343 GC heap before
{Heap before GC invocations=121 (full 79):
 garbage-first heap   total 524288K, used 104778K [0x0000000701800000, 0x0000000800000000)
  region size 2048K, 9 young (18432K), 3 survivors (6144K)
 Metaspace       used 85597K, committed 86272K, reserved 1130496K
  class space    used 11679K, committed 11968K, reserved 1048576K
}
Event: 1250.399 GC heap after
{Heap after GC invocations=122 (full 80):
 garbage-first heap   total 524288K, used 88151K [0x0000000701800000, 0x0000000800000000)
  region size 2048K, 0 young (0K), 0 survivors (0K)
 Metaspace       used 85597K, committed 86272K, reserved 1130496K
  class space    used 11679K, committed 11968K, reserved 1048576K
}
Event: 1254.670 GC heap before
{Heap before GC invocations=122 (full 80):
 garbage-first heap   total 524288K, used 172119K [0x0000000701800000, 0x0000000800000000)
  region size 2048K, 40 young (81920K), 0 survivors (0K)
 Metaspace       used 85635K, committed 86272K, reserved 1130496K
  class space    used 11680K, committed 11968K, reserved 1048576K
}
Event: 1254.672 GC heap after
{Heap after GC invocations=123 (full 80):
 garbage-first heap   total 524288K, used 91198K [0x0000000701800000, 0x0000000800000000)
  region size 2048K, 1 young (2048K), 1 survivors (2048K)
 Metaspace       used 85635K, committed 86272K, reserved 1130496K
  class space    used 11680K, committed 11968K, reserved 1048576K
}
Event: 1258.411 GC heap before
{Heap before GC invocations=123 (full 80):
 garbage-first heap   total 524288K, used 171070K [0x0000000701800000, 0x0000000800000000)
  region size 2048K, 40 young (81920K), 1 survivors (2048K)
 Metaspace       used 85689K, committed 86336K, reserved 1130496K
  class space    used 11680K, committed 11968K, reserved 1048576K
}
Event: 1258.413 GC heap after
{Heap after GC invocations=124 (full 80):
 garbage-first heap   total 524288K, used 90700K [0x0000000701800000, 0x0000000800000000)
  region size 2048K, 1 young (2048K), 1 survivors (2048K)
 Metaspace       used 85689K, committed 86336K, reserved 1130496K
  class space    used 11680K, committed 11968K, reserved 1048576K
}
Event: 1262.485 GC heap before
{Heap before GC invocations=124 (full 80):
 garbage-first heap   total 524288K, used 170572K [0x0000000701800000, 0x0000000800000000)
  region size 2048K, 40 young (81920K), 1 survivors (2048K)
 Metaspace       used 85724K, committed 86336K, reserved 1130496K
  class space    used 11680K, committed 11968K, reserved 1048576K
}
Event: 1262.488 GC heap after
{Heap after GC invocations=125 (full 80):
 garbage-first heap   total 524288K, used 90888K [0x0000000701800000, 0x0000000800000000)
  region size 2048K, 1 young (2048K), 1 survivors (2048K)
 Metaspace       used 85724K, committed 86336K, reserved 1130496K
  class space    used 11680K, committed 11968K, reserved 1048576K
}
Event: 1274.508 GC heap before
{Heap before GC invocations=125 (full 80):
 garbage-first heap   total 524288K, used 170760K [0x0000000701800000, 0x0000000800000000)
  region size 2048K, 40 young (81920K), 1 survivors (2048K)
 Metaspace       used 85733K, committed 86336K, reserved 1130496K
  class space    used 11680K, committed 11968K, reserved 1048576K
}
Event: 1274.511 GC heap after
{Heap after GC invocations=126 (full 80):
 garbage-first heap   total 524288K, used 90823K [0x0000000701800000, 0x0000000800000000)
  region size 2048K, 1 young (2048K), 1 survivors (2048K)
 Metaspace       used 85733K, committed 86336K, reserved 1130496K
  class space    used 11680K, committed 11968K, reserved 1048576K
}

